<?xml version="1.0" encoding="UTF-8"?>
<!-- Generated by org.testng.reporters.JUnitXMLReporter -->
<testsuite hostname="01HW871733" ignored="0" name="Default test" tests="15" failures="0" timestamp="31 Oct 2017 10:58:58 GMT" time="0.426" errors="0">
  <testcase name="testValidateUserWithInValidPassword" time="0.01" classname="com.in28minutes.login.LoginServiceTest"/>
  <testcase name="testValidateUserWithInValidUser" time="0.002" classname="com.in28minutes.login.LoginServiceTest"/>
  <testcase name="testValidateUserWithInValidUserAndPassword" time="0.002" classname="com.in28minutes.login.LoginServiceTest"/>
  <testcase name="testValidateUserWithValidDetails" time="0.003" classname="com.in28minutes.login.LoginServiceTest"/>
  <testcase name="testAddVideo" time="0.001" classname="com.in28minutes.video.VideoServiceTest"/>
  <testcase name="testDeleteVideo" time="0.023" classname="com.in28minutes.video.VideoServiceTest"/>
  <testcase name="testRetrieveVideoWithNoVideo" time="0.003" classname="com.in28minutes.video.VideoServiceTest"/>
  <testcase name="testRetrieveVideoWithVideo" time="0.019" classname="com.in28minutes.video.VideoServiceTest"/>
  <testcase name="testRetrieveVideos" time="0.004" classname="com.in28minutes.video.VideoServiceTest"/>
  <testcase name="testUpdateVideo" time="0.013" classname="com.in28minutes.video.VideoServiceTest"/>
  <testcase name="testDesc" time="0.001" classname="com.in28minutes.model.VideoTest"/>
  <testcase name="testId" time="0.001" classname="com.in28minutes.model.VideoTest"/>
  <testcase name="testTargetDate" time="0.001" classname="com.in28minutes.model.VideoTest"/>
  <testcase name="testUser" time="0.002" classname="com.in28minutes.model.VideoTest"/>
  <testcase name="testisDone" time="0.001" classname="com.in28minutes.model.VideoTest"/>
</testsuite> <!-- Default test -->
